<?xml version="1.0" encoding="UTF-8"?>
<!-- Generated by org.testng.reporters.JUnitXMLReporter -->
<testsuite hostname="Pradeep" name="Default test" tests="2" failures="0" timestamp="18 Jun 2017 02:17:20 GMT" time="0.031" errors="0">
  <testcase name="@BeforeTest appLogin" time="0.0" classname="test.HomePageTestcase">
    <failure type="org.testng.TestNGException" message="
Parameter &amp;apos;Browser&amp;apos; is required by @Configuration on method appLogin but has not been marked @Optional or defined
in C:\Users\Pradeep8\AppData\Local\Temp\testng-eclipse-992082163\testng-customsuite.xml">
      <![CDATA[org.testng.TestNGException: 
Parameter 'Browser' is required by @Configuration on method appLogin but has not been marked @Optional or defined
in C:\Users\Pradeep8\AppData\Local\Temp\testng-eclipse-992082163\testng-customsuite.xml
	at org.testng.internal.Parameters.createParameters(Parameters.java:154)
	at org.testng.internal.Parameters.createParameters(Parameters.java:361)
	at org.testng.internal.Parameters.createConfigurationParameters(Parameters.java:84)
	at org.testng.internal.Invoker.invokeConfigurations(Invoker.java:201)
	at org.testng.internal.Invoker.invokeConfigurations(Invoker.java:142)
	at org.testng.TestRunner.beforeRun(TestRunner.java:656)
	at org.testng.TestRunner.run(TestRunner.java:624)
	at org.testng.SuiteRunner.runTest(SuiteRunner.java:366)
	at org.testng.SuiteRunner.runSequentially(SuiteRunner.java:361)
	at org.testng.SuiteRunner.privateRun(SuiteRunner.java:319)
	at org.testng.SuiteRunner.run(SuiteRunner.java:268)
	at org.testng.SuiteRunnerWorker.runSuite(SuiteRunnerWorker.java:52)
	at org.testng.SuiteRunnerWorker.run(SuiteRunnerWorker.java:86)
	at org.testng.TestNG.runSuitesSequentially(TestNG.java:1244)
	at org.testng.TestNG.runSuitesLocally(TestNG.java:1169)
	at org.testng.TestNG.run(TestNG.java:1064)
	at org.testng.remote.RemoteTestNG.run(RemoteTestNG.java:113)
	at org.testng.remote.RemoteTestNG.initAndRun(RemoteTestNG.java:206)
	at org.testng.remote.RemoteTestNG.main(RemoteTestNG.java:177)
]]>
    </failure>
  </testcase> <!-- @BeforeTest appLogin -->
  <testcase name="@AfterTest appQuit" time="0.0" classname="test.HomePageTestcase">
    <skipped/>
  </testcase> <!-- @AfterTest appQuit -->
  <testcase name="clickFriend" time="0.0" classname="test.HomePageTestcase">
    <skipped/>
  </testcase> <!-- clickFriend -->
  <testcase name="verifyHomePageTitle" time="0.0" classname="test.HomePageTestcase">
    <skipped/>
  </testcase> <!-- verifyHomePageTitle -->
</testsuite> <!-- Default test -->
