<?xml version="1.0" encoding="UTF-8"?>
<!-- Generated by org.testng.reporters.JUnitXMLReporter -->
<testsuite hostname="Pradeep" name="RegressionTest" tests="1" failures="1" timestamp="18 Jun 2017 11:05:50 GMT" time="36.148" errors="0">
  <testcase name="verifyHomePageTitle" time="0.429" classname="test.HomePageTestcase">
    <failure type="org.openqa.selenium.WebDriverException" message="unknown error: Element &amp;lt;a class=&amp;quot;_2s25&amp;quot; data-gt=&amp;quot;{&amp;amp;quot;chrome_nav_item&amp;amp;quot;:&amp;amp;quot;home_chrome&amp;amp;quot;}&amp;quot; href=&amp;quot;https://www.facebook.com/?ref=tn_tnmn&amp;quot; accesskey=&amp;quot;1&amp;quot; id=&amp;quot;u_0_5&amp;quot;&amp;gt;...&amp;lt;/a&amp;gt; is not clickable at point (794, 21). Other element would receive the click: &amp;lt;div class=&amp;quot;_3ixn&amp;quot;&amp;gt;&amp;lt;/div&amp;gt;
  (Session info: chrome=58.0.3029.110)
  (Driver info: chromedriver=2.28.455520 (cc17746adff54984afff480136733114c6b3704b),platform=Windows NT 6.3.9600 x86) (WARNING: The server did not provide any stacktrace information)
Command duration or timeout: 355 milliseconds
Build info: version: &amp;apos;unknown&amp;apos;, revision: &amp;apos;b526bd5&amp;apos;, time: &amp;apos;2017-03-07 11:11:07 -0800&amp;apos;
System info: host: &amp;apos;PRADEEP&amp;apos;, ip: &amp;apos;192.168.43.159&amp;apos;, os.name: &amp;apos;Windows 8.1&amp;apos;, os.arch: &amp;apos;x86&amp;apos;, os.version: &amp;apos;6.3&amp;apos;, java.version: &amp;apos;1.8.0_131&amp;apos;
Driver info: org.openqa.selenium.chrome.ChromeDriver
Capabilities [{applicationCacheEnabled=false, rotatable=false, mobileEmulationEnabled=false, networkConnectionEnabled=false, chrome={chromedriverVersion=2.28.455520 (cc17746adff54984afff480136733114c6b3704b), userDataDir=C:\Users\Pradeep8\AppData\Local\Temp\scoped_dir12516_19869}, takesHeapSnapshot=true, pageLoadStrategy=normal, databaseEnabled=false, handlesAlerts=true, hasTouchScreen=false, version=58.0.3029.110, platform=WIN8_1, browserConnectionEnabled=false, nativeEvents=true, acceptSslCerts=true, locationContextEnabled=true, webStorageEnabled=true, browserName=chrome, takesScreenshot=true, javascriptEnabled=true, cssSelectorsEnabled=true, unexpectedAlertBehaviour=}]
Session ID: 4d04c41d166fbcc261f4ef45d38339ea">
      <![CDATA[org.openqa.selenium.WebDriverException: unknown error: Element <a class="_2s25" data-gt="{&quot;chrome_nav_item&quot;:&quot;home_chrome&quot;}" href="https://www.facebook.com/?ref=tn_tnmn" accesskey="1" id="u_0_5">...</a> is not clickable at point (794, 21). Other element would receive the click: <div class="_3ixn"></div>
  (Session info: chrome=58.0.3029.110)
  (Driver info: chromedriver=2.28.455520 (cc17746adff54984afff480136733114c6b3704b),platform=Windows NT 6.3.9600 x86) (WARNING: The server did not provide any stacktrace information)
Command duration or timeout: 355 milliseconds
Build info: version: 'unknown', revision: 'b526bd5', time: '2017-03-07 11:11:07 -0800'
System info: host: 'PRADEEP', ip: '192.168.43.159', os.name: 'Windows 8.1', os.arch: 'x86', os.version: '6.3', java.version: '1.8.0_131'
Driver info: org.openqa.selenium.chrome.ChromeDriver
Capabilities [{applicationCacheEnabled=false, rotatable=false, mobileEmulationEnabled=false, networkConnectionEnabled=false, chrome={chromedriverVersion=2.28.455520 (cc17746adff54984afff480136733114c6b3704b), userDataDir=C:\Users\Pradeep8\AppData\Local\Temp\scoped_dir12516_19869}, takesHeapSnapshot=true, pageLoadStrategy=normal, databaseEnabled=false, handlesAlerts=true, hasTouchScreen=false, version=58.0.3029.110, platform=WIN8_1, browserConnectionEnabled=false, nativeEvents=true, acceptSslCerts=true, locationContextEnabled=true, webStorageEnabled=true, browserName=chrome, takesScreenshot=true, javascriptEnabled=true, cssSelectorsEnabled=true, unexpectedAlertBehaviour=}]
Session ID: 4d04c41d166fbcc261f4ef45d38339ea
	at org.openqa.selenium.remote.ErrorHandler.createThrowable(ErrorHandler.java:216)
	at org.openqa.selenium.remote.ErrorHandler.throwIfResponseFailed(ErrorHandler.java:168)
	at org.openqa.selenium.remote.RemoteWebDriver.execute(RemoteWebDriver.java:638)
	at org.openqa.selenium.remote.RemoteWebElement.execute(RemoteWebElement.java:274)
	at org.openqa.selenium.remote.RemoteWebElement.click(RemoteWebElement.java:84)
	at common.WebdriverGenarics.click(WebdriverGenarics.java:107)
	at test.HomePageTestcase.verifyHomePageTitle(HomePageTestcase.java:24)
... Removed 28 stack frames]]>
    </failure>
  </testcase> <!-- verifyHomePageTitle -->
</testsuite> <!-- RegressionTest -->
