<?xml version="1.0" encoding="UTF-8"?>
<testng-results skipped="0" failed="1" total="1" passed="0">
  <reporter-output>
    <line>
      <![CDATA[Text entered as ::pradeepit16@gmail.com]]>
    </line>
    <line>
      <![CDATA[Text entered as ::janamanagana]]>
    </line>
    <line>
      <![CDATA[Element clicked//input[@value='Log In']]]>
    </line>
    <line>
      <![CDATA[To verify Home page]]>
    </line>
  </reporter-output>
  <suite name="Suite" duration-ms="36148" started-at="2017-06-18T11:05:13Z" finished-at="2017-06-18T11:05:49Z">
    <groups>
    </groups>
    <test name="RegressionTest" duration-ms="36148" started-at="2017-06-18T11:05:13Z" finished-at="2017-06-18T11:05:49Z">
      <class name="test.HomePageTestcase">
        <test-method status="PASS" signature="beforeSuite()[pri:0, instance:test.HomePageTestcase@c3fd8b]" name="beforeSuite" is-config="true" duration-ms="28" started-at="2017-06-18T16:35:13Z" finished-at="2017-06-18T16:35:13Z">
          <reporter-output>
          </reporter-output>
        </test-method> <!-- beforeSuite -->
        <test-method status="PASS" signature="appLogin(java.lang.String)[pri:0, instance:test.HomePageTestcase@c3fd8b]" name="appLogin" is-config="true" duration-ms="29282" started-at="2017-06-18T16:35:13Z" finished-at="2017-06-18T16:35:43Z">
          <params>
            <param index="0">
              <value>
                <![CDATA[Chrome]]>
              </value>
            </param>
          </params>
          <reporter-output>
            <line>
              <![CDATA[Text entered as ::pradeepit16@gmail.com]]>
            </line>
            <line>
              <![CDATA[Text entered as ::janamanagana]]>
            </line>
            <line>
              <![CDATA[Element clicked//input[@value='Log In']]]>
            </line>
          </reporter-output>
        </test-method> <!-- appLogin -->
        <test-method status="PASS" signature="beforeClass()[pri:0, instance:test.HomePageTestcase@c3fd8b]" name="beforeClass" is-config="true" duration-ms="1" started-at="2017-06-18T16:35:43Z" finished-at="2017-06-18T16:35:43Z">
          <reporter-output>
          </reporter-output>
        </test-method> <!-- beforeClass -->
        <test-method status="PASS" signature="beforeMethod()[pri:0, instance:test.HomePageTestcase@c3fd8b]" name="beforeMethod" is-config="true" duration-ms="5" started-at="2017-06-18T16:35:43Z" finished-at="2017-06-18T16:35:43Z">
          <reporter-output>
          </reporter-output>
        </test-method> <!-- beforeMethod -->
        <test-method status="FAIL" signature="verifyHomePageTitle()[pri:1, instance:test.HomePageTestcase@c3fd8b]" name="verifyHomePageTitle" duration-ms="429" started-at="2017-06-18T16:35:43Z" finished-at="2017-06-18T16:35:43Z">
          <exception class="org.openqa.selenium.WebDriverException">
            <message>
              <![CDATA[unknown error: Element <a class="_2s25" data-gt="{&quot;chrome_nav_item&quot;:&quot;home_chrome&quot;}" href="https://www.facebook.com/?ref=tn_tnmn" accesskey="1" id="u_0_5">...</a> is not clickable at point (794, 21). Other element would receive the click: <div class="_3ixn"></div>
  (Session info: chrome=58.0.3029.110)
  (Driver info: chromedriver=2.28.455520 (cc17746adff54984afff480136733114c6b3704b),platform=Windows NT 6.3.9600 x86) (WARNING: The server did not provide any stacktrace information)
Command duration or timeout: 355 milliseconds
Build info: version: 'unknown', revision: 'b526bd5', time: '2017-03-07 11:11:07 -0800'
System info: host: 'PRADEEP', ip: '192.168.43.159', os.name: 'Windows 8.1', os.arch: 'x86', os.version: '6.3', java.version: '1.8.0_131'
Driver info: org.openqa.selenium.chrome.ChromeDriver
Capabilities [{applicationCacheEnabled=false, rotatable=false, mobileEmulationEnabled=false, networkConnectionEnabled=false, chrome={chromedriverVersion=2.28.455520 (cc17746adff54984afff480136733114c6b3704b), userDataDir=C:\Users\Pradeep8\AppData\Local\Temp\scoped_dir12516_19869}, takesHeapSnapshot=true, pageLoadStrategy=normal, databaseEnabled=false, handlesAlerts=true, hasTouchScreen=false, version=58.0.3029.110, platform=WIN8_1, browserConnectionEnabled=false, nativeEvents=true, acceptSslCerts=true, locationContextEnabled=true, webStorageEnabled=true, browserName=chrome, takesScreenshot=true, javascriptEnabled=true, cssSelectorsEnabled=true, unexpectedAlertBehaviour=}]
Session ID: 4d04c41d166fbcc261f4ef45d38339ea]]>
            </message>
            <full-stacktrace>
              <![CDATA[org.openqa.selenium.WebDriverException: unknown error: Element <a class="_2s25" data-gt="{&quot;chrome_nav_item&quot;:&quot;home_chrome&quot;}" href="https://www.facebook.com/?ref=tn_tnmn" accesskey="1" id="u_0_5">...</a> is not clickable at point (794, 21). Other element would receive the click: <div class="_3ixn"></div>
  (Session info: chrome=58.0.3029.110)
  (Driver info: chromedriver=2.28.455520 (cc17746adff54984afff480136733114c6b3704b),platform=Windows NT 6.3.9600 x86) (WARNING: The server did not provide any stacktrace information)
Command duration or timeout: 355 milliseconds
Build info: version: 'unknown', revision: 'b526bd5', time: '2017-03-07 11:11:07 -0800'
System info: host: 'PRADEEP', ip: '192.168.43.159', os.name: 'Windows 8.1', os.arch: 'x86', os.version: '6.3', java.version: '1.8.0_131'
Driver info: org.openqa.selenium.chrome.ChromeDriver
Capabilities [{applicationCacheEnabled=false, rotatable=false, mobileEmulationEnabled=false, networkConnectionEnabled=false, chrome={chromedriverVersion=2.28.455520 (cc17746adff54984afff480136733114c6b3704b), userDataDir=C:\Users\Pradeep8\AppData\Local\Temp\scoped_dir12516_19869}, takesHeapSnapshot=true, pageLoadStrategy=normal, databaseEnabled=false, handlesAlerts=true, hasTouchScreen=false, version=58.0.3029.110, platform=WIN8_1, browserConnectionEnabled=false, nativeEvents=true, acceptSslCerts=true, locationContextEnabled=true, webStorageEnabled=true, browserName=chrome, takesScreenshot=true, javascriptEnabled=true, cssSelectorsEnabled=true, unexpectedAlertBehaviour=}]
Session ID: 4d04c41d166fbcc261f4ef45d38339ea
	at sun.reflect.NativeConstructorAccessorImpl.newInstance0(Native Method)
	at sun.reflect.NativeConstructorAccessorImpl.newInstance(Unknown Source)
	at sun.reflect.DelegatingConstructorAccessorImpl.newInstance(Unknown Source)
	at java.lang.reflect.Constructor.newInstance(Unknown Source)
	at org.openqa.selenium.remote.ErrorHandler.createThrowable(ErrorHandler.java:216)
	at org.openqa.selenium.remote.ErrorHandler.throwIfResponseFailed(ErrorHandler.java:168)
	at org.openqa.selenium.remote.RemoteWebDriver.execute(RemoteWebDriver.java:638)
	at org.openqa.selenium.remote.RemoteWebElement.execute(RemoteWebElement.java:274)
	at org.openqa.selenium.remote.RemoteWebElement.click(RemoteWebElement.java:84)
	at common.WebdriverGenarics.click(WebdriverGenarics.java:107)
	at test.HomePageTestcase.verifyHomePageTitle(HomePageTestcase.java:24)
	at sun.reflect.NativeMethodAccessorImpl.invoke0(Native Method)
	at sun.reflect.NativeMethodAccessorImpl.invoke(Unknown Source)
	at sun.reflect.DelegatingMethodAccessorImpl.invoke(Unknown Source)
	at java.lang.reflect.Method.invoke(Unknown Source)
	at org.testng.internal.MethodInvocationHelper.invokeMethod(MethodInvocationHelper.java:86)
	at org.testng.internal.Invoker.invokeMethod(Invoker.java:645)
	at org.testng.internal.Invoker.invokeTestMethod(Invoker.java:822)
	at org.testng.internal.Invoker.invokeTestMethods(Invoker.java:1130)
	at org.testng.internal.TestMethodWorker.invokeTestMethods(TestMethodWorker.java:129)
	at org.testng.internal.TestMethodWorker.run(TestMethodWorker.java:112)
	at org.testng.TestRunner.privateRun(TestRunner.java:782)
	at org.testng.TestRunner.run(TestRunner.java:632)
	at org.testng.SuiteRunner.runTest(SuiteRunner.java:366)
	at org.testng.SuiteRunner.runSequentially(SuiteRunner.java:361)
	at org.testng.SuiteRunner.privateRun(SuiteRunner.java:319)
	at org.testng.SuiteRunner.run(SuiteRunner.java:268)
	at org.testng.SuiteRunnerWorker.runSuite(SuiteRunnerWorker.java:52)
	at org.testng.SuiteRunnerWorker.run(SuiteRunnerWorker.java:86)
	at org.testng.TestNG.runSuitesSequentially(TestNG.java:1244)
	at org.testng.TestNG.runSuitesLocally(TestNG.java:1169)
	at org.testng.TestNG.run(TestNG.java:1064)
	at org.testng.remote.RemoteTestNG.run(RemoteTestNG.java:113)
	at org.testng.remote.RemoteTestNG.initAndRun(RemoteTestNG.java:206)
	at org.testng.remote.RemoteTestNG.main(RemoteTestNG.java:177)
]]>
            </full-stacktrace>
          </exception> <!-- org.openqa.selenium.WebDriverException -->
          <reporter-output>
            <line>
              <![CDATA[To verify Home page]]>
            </line>
          </reporter-output>
        </test-method> <!-- verifyHomePageTitle -->
        <test-method status="PASS" signature="afterMethod()[pri:0, instance:test.HomePageTestcase@c3fd8b]" name="afterMethod" is-config="true" duration-ms="3702" started-at="2017-06-18T16:35:43Z" finished-at="2017-06-18T16:35:47Z">
          <reporter-output>
          </reporter-output>
        </test-method> <!-- afterMethod -->
        <test-method status="PASS" signature="appQuit()[pri:0, instance:test.HomePageTestcase@c3fd8b]" name="appQuit" is-config="true" duration-ms="2314" started-at="2017-06-18T16:35:47Z" finished-at="2017-06-18T16:35:49Z">
          <reporter-output>
          </reporter-output>
        </test-method> <!-- appQuit -->
        <test-method status="PASS" signature="AfterSuite()[pri:0, instance:test.HomePageTestcase@c3fd8b]" name="AfterSuite" is-config="true" duration-ms="0" started-at="2017-06-18T16:35:50Z" finished-at="2017-06-18T16:35:50Z">
          <reporter-output>
          </reporter-output>
        </test-method> <!-- AfterSuite -->
      </class> <!-- test.HomePageTestcase -->
    </test> <!-- RegressionTest -->
  </suite> <!-- Suite -->
</testng-results>
